# JRE version: OpenJDK Runtime Environment (8.0_152-b02) (build 1.8.0_152-release-1024-b02)
# Java VM: OpenJDK 64-Bit Server VM (25.152-b02 mixed mode windows-amd64 compressed oops)
Heap:
 PSYoungGen      total 430080K, used 350972K [0x00000000e0000000, 0x0000000100000000, 0x0000000100000000)
  eden space 347136K, 86% used [0x00000000e0000000,0x00000000f24c1358,0x00000000f5300000)
  from space 82944K, 61% used [0x00000000f5300000,0x00000000f84fe008,0x00000000fa400000)
  to   space 86016K, 0% used [0x00000000fac00000,0x00000000fac00000,0x0000000100000000)
 ParOldGen       total 189952K, used 114102K [0x00000000a0000000, 0x00000000ab980000, 0x00000000e0000000)
  object space 189952K, 60% used [0x00000000a0000000,0x00000000a6f6da38,0x00000000ab980000)
 Metaspace       used 80723K, capacity 85061K, committed 85080K, reserved 1124352K
  class space    used 10060K, capacity 10866K, committed 10880K, reserved 1048576K
GC Heap History (10 events):
Event: 6372.769 GC heap before
{Heap before GC invocations=27 (full 4):
 PSYoungGen      total 441344K, used 370334K [0x00000000e0000000, 0x0000000100000000, 0x0000000100000000)
  eden space 355840K, 100% used [0x00000000e0000000,0x00000000f5b80000,0x00000000f5b80000)
  from space 85504K, 16% used [0x00000000fac80000,0x00000000fbaa7890,0x0000000100000000)
  to   space 82944K, 0% used [0x00000000f5b80000,0x00000000f5b80000,0x00000000fac80000)
 ParOldGen       total 189952K, used 114070K [0x00000000a0000000, 0x00000000ab980000, 0x00000000e0000000)
  object space 189952K, 60% used [0x00000000a0000000,0x00000000a6f65a38,0x00000000ab980000)
 Metaspace       used 79751K, capacity 83613K, committed 83672K, reserved 1122304K
  class space    used 9988K, capacity 10734K, committed 10752K, reserved 1048576K
Event: 6372.887 GC heap after
Heap after GC invocations=27 (full 4):
 PSYoungGen      total 424960K, used 69002K [0x00000000e0000000, 0x0000000100000000, 0x0000000100000000)
  eden space 355840K, 0% used [0x00000000e0000000,0x00000000e0000000,0x00000000f5b80000)
  from space 69120K, 99% used [0x00000000f5b80000,0x00000000f9ee2848,0x00000000f9f00000)
  to   space 92160K, 0% used [0x00000000fa600000,0x00000000fa600000,0x0000000100000000)
 ParOldGen       total 189952K, used 114070K [0x00000000a0000000, 0x00000000ab980000, 0x00000000e0000000)
  object space 189952K, 60% used [0x00000000a0000000,0x00000000a6f65a38,0x00000000ab980000)
 Metaspace       used 79751K, capacity 83613K, committed 83672K, reserved 1122304K
  class space    used 9988K, capacity 10734K, committed 10752K, reserved 1048576K
}
Event: 6472.731 GC heap before
{Heap before GC invocations=28 (full 4):
 PSYoungGen      total 424960K, used 424687K [0x00000000e0000000, 0x0000000100000000, 0x0000000100000000)
  eden space 355840K, 99% used [0x00000000e0000000,0x00000000f5b596f0,0x00000000f5b80000)
  from space 69120K, 99% used [0x00000000f5b80000,0x00000000f9ee2848,0x00000000f9f00000)
  to   space 92160K, 0% used [0x00000000fa600000,0x00000000fa600000,0x0000000100000000)
 ParOldGen       total 189952K, used 114070K [0x00000000a0000000, 0x00000000ab980000, 0x00000000e0000000)
  object space 189952K, 60% used [0x00000000a0000000,0x00000000a6f65a38,0x00000000ab980000)
 Metaspace       used 79920K, capacity 83845K, committed 84056K, reserved 1122304K
  class space    used 10003K, capacity 10762K, committed 10880K, reserved 1048576K
Event: 6472.755 GC heap after
Heap after GC invocations=28 (full 4):
 PSYoungGen      total 436224K, used 24839K [0x00000000e0000000, 0x0000000100000000, 0x0000000100000000)
  eden space 344064K, 0% used [0x00000000e0000000,0x00000000e0000000,0x00000000f5000000)
  from space 92160K, 26% used [0x00000000fa600000,0x00000000fbe41d70,0x0000000100000000)
  to   space 88064K, 0% used [0x00000000f5000000,0x00000000f5000000,0x00000000fa600000)
 ParOldGen       total 189952K, used 114078K [0x00000000a0000000, 0x00000000ab980000, 0x00000000e0000000)
  object space 189952K, 60% used [0x00000000a0000000,0x00000000a6f67a38,0x00000000ab980000)
 Metaspace       used 79920K, capacity 83845K, committed 84056K, reserved 1122304K
  class space    used 10003K, capacity 10762K, committed 10880K, reserved 1048576K
}
Event: 6548.817 GC heap before
{Heap before GC invocations=29 (full 4):
 PSYoungGen      total 436224K, used 367961K [0x00000000e0000000, 0x0000000100000000, 0x0000000100000000)
  eden space 344064K, 99% used [0x00000000e0000000,0x00000000f4f14870,0x00000000f5000000)
  from space 92160K, 26% used [0x00000000fa600000,0x00000000fbe41d70,0x0000000100000000)
  to   space 88064K, 0% used [0x00000000f5000000,0x00000000f5000000,0x00000000fa600000)
 ParOldGen       total 189952K, used 114078K [0x00000000a0000000, 0x00000000ab980000, 0x00000000e0000000)
  object space 189952K, 60% used [0x00000000a0000000,0x00000000a6f67a38,0x00000000ab980000)
 Metaspace       used 80345K, capacity 84659K, committed 84824K, reserved 1124352K
  class space    used 10059K, capacity 10865K, committed 10880K, reserved 1048576K
Event: 6548.841 GC heap after
Heap after GC invocations=29 (full 4):
 PSYoungGen      total 355328K, used 10779K [0x00000000e0000000, 0x00000000ff800000, 0x0000000100000000)
  eden space 344064K, 0% used [0x00000000e0000000,0x00000000e0000000,0x00000000f5000000)
  from space 11264K, 95% used [0x00000000f5000000,0x00000000f5a86cd0,0x00000000f5b00000)
  to   space 86016K, 0% used [0x00000000fa400000,0x00000000fa400000,0x00000000ff800000)
 ParOldGen       total 189952K, used 114086K [0x00000000a0000000, 0x00000000ab980000, 0x00000000e0000000)
  object space 189952K, 60% used [0x00000000a0000000,0x00000000a6f69a38,0x00000000ab980000)
 Metaspace       used 80345K, capacity 84659K, committed 84824K, reserved 1124352K
  class space    used 10059K, capacity 10865K, committed 10880K, reserved 1048576K
}
Event: 6644.393 GC heap before
{Heap before GC invocations=30 (full 4):
 PSYoungGen      total 355328K, used 354843K [0x00000000e0000000, 0x00000000ff800000, 0x0000000100000000)
  eden space 344064K, 100% used [0x00000000e0000000,0x00000000f5000000,0x00000000f5000000)
  from space 11264K, 95% used [0x00000000f5000000,0x00000000f5a86cd0,0x00000000f5b00000)
  to   space 86016K, 0% used [0x00000000fa400000,0x00000000fa400000,0x00000000ff800000)
 ParOldGen       total 189952K, used 114086K [0x00000000a0000000, 0x00000000ab980000, 0x00000000e0000000)
  object space 189952K, 60% used [0x00000000a0000000,0x00000000a6f69a38,0x00000000ab980000)
 Metaspace       used 80572K, capacity 84861K, committed 85080K, reserved 1124352K
  class space    used 10060K, capacity 10866K, committed 10880K, reserved 1048576K
Event: 6644.419 GC heap after
Heap after GC invocations=30 (full 4):
 PSYoungGen      total 433152K, used 16847K [0x00000000e0000000, 0x0000000100000000, 0x0000000100000000)
  eden space 347136K, 0% used [0x00000000e0000000,0x00000000e0000000,0x00000000f5300000)
  from space 86016K, 19% used [0x00000000fa400000,0x00000000fb473d00,0x00000000ff800000)
  to   space 82944K, 0% used [0x00000000f5300000,0x00000000f5300000,0x00000000fa400000)
 ParOldGen       total 189952K, used 114094K [0x00000000a0000000, 0x00000000ab980000, 0x00000000e0000000)
  object space 189952K, 60% used [0x00000000a0000000,0x00000000a6f6ba38,0x00000000ab980000)
 Metaspace       used 80572K, capacity 84861K, committed 85080K, reserved 1124352K
  class space    used 10060K, capacity 10866K, committed 10880K, reserved 1048576K
}
Event: 6837.579 GC heap before
{Heap before GC invocations=31 (full 4):
 PSYoungGen      total 433152K, used 363969K [0x00000000e0000000, 0x0000000100000000, 0x0000000100000000)
  eden space 347136K, 99% used [0x00000000e0000000,0x00000000f52fc728,0x00000000f5300000)
  from space 86016K, 19% used [0x00000000fa400000,0x00000000fb473d00,0x00000000ff800000)
  to   space 82944K, 0% used [0x00000000f5300000,0x00000000f5300000,0x00000000fa400000)
 ParOldGen       total 189952K, used 114094K [0x00000000a0000000, 0x00000000ab980000, 0x00000000e0000000)
  object space 189952K, 60% used [0x00000000a0000000,0x00000000a6f6ba38,0x00000000ab980000)
 Metaspace       used 80705K, capacity 84997K, committed 85080K, reserved 1124352K
  class space    used 10060K, capacity 10866K, committed 10880K, reserved 1048576K
Event: 6837.672 GC heap after
Heap after GC invocations=31 (full 4):
 PSYoungGen      total 430080K, used 51192K [0x00000000e0000000, 0x0000000100000000, 0x0000000100000000)
  eden space 347136K, 0% used [0x00000000e0000000,0x00000000e0000000,0x00000000f5300000)
  from space 82944K, 61% used [0x00000000f5300000,0x00000000f84fe008,0x00000000fa400000)
  to   space 86016K, 0% used [0x00000000fac00000,0x00000000fac00000,0x0000000100000000)
 ParOldGen       total 189952K, used 114102K [0x00000000a0000000, 0x00000000ab980000, 0x00000000e0000000)
  object space 189952K, 60% used [0x00000000a0000000,0x00000000a6f6da38,0x00000000ab980000)
 Metaspace       used 80705K, capacity 84997K, committed 85080K, reserved 1124352K
  class space    used 10060K, capacity 10866K, committed 10880K, reserved 1048576K
}

